<?xml version="1.0" encoding="UTF-8"?>
<!-- Generated by org.testng.reporters.JUnitReportReporter -->
<testsuite hostname="Freedom" failures="0" tests="1" name="utils.ExceUtilsTest" time="0.000" errors="0" timestamp="2022-03-30T08:36:42 IST" skipped="1">
  <testcase classname="utils.ExceUtilsTest" name="printData" time="0.000">
    <skipped/>
  </testcase> <!-- printData -->
  <system-out/>
</testsuite> <!-- utils.ExceUtilsTest -->
