<?xml version="1.0" encoding="UTF-8"?>
<!-- Generated by org.testng.reporters.JUnitReportReporter -->
<testsuite hostname="Freedom" failures="0" tests="1" name="com.qa.restApi.tests.TheLocalAPI" time="1.018" errors="0" timestamp="2022-03-27T19:58:09 IST" skipped="0">
  <testcase classname="com.qa.restApi.tests.TheLocalAPI" name="postTest" time="1.018"/>
  <system-out/>
</testsuite> <!-- com.qa.restApi.tests.TheLocalAPI -->
