<?xml version="1.0" encoding="UTF-8"?>
<!-- Generated by org.testng.reporters.JUnitReportReporter -->
<testsuite hostname="Freedom" failures="0" tests="1" name="com.qa.restApi.tests.RestTestTwo" time="1.427" errors="0" timestamp="2022-03-19T14:30:57 IST" skipped="0">
  <testcase classname="com.qa.restApi.tests.RestTestTwo" name="testGet" time="1.427"/>
  <system-out/>
</testsuite> <!-- com.qa.restApi.tests.RestTestTwo -->
