<?xml version="1.0" encoding="UTF-8"?>
<!-- Generated by org.testng.reporters.JUnitReportReporter -->
<testsuite hostname="Freedom" failures="0" tests="1" name="com.qa.restApi.tests.RestTestPost" time="1.446" errors="0" timestamp="2022-03-19T23:11:24 IST" skipped="0">
  <testcase classname="com.qa.restApi.tests.RestTestPost" name="postTest" time="1.446"/>
  <system-out/>
</testsuite> <!-- com.qa.restApi.tests.RestTestPost -->
