<?xml version="1.0" encoding="UTF-8"?>
<!-- Generated by org.testng.reporters.JUnitReportReporter -->
<testsuite hostname="Freedom" failures="0" tests="3" name="com.qa.restApi.tests.restTestOne" time="2.025" errors="0" timestamp="2022-03-18T19:07:31 IST" skipped="0">
  <testcase classname="com.qa.restApi.tests.restTestOne" name="testTwo" time="0.049"/>
  <system-out/>
  <testcase classname="com.qa.restApi.tests.restTestOne" name="testThree" time="0.211"/>
  <system-out/>
  <testcase classname="com.qa.restApi.tests.restTestOne" name="testSomething" time="1.765"/>
  <system-out/>
</testsuite> <!-- com.qa.restApi.tests.restTestOne -->
