<?xml version="1.0" encoding="UTF-8"?>
<!-- Generated by org.testng.reporters.JUnitReportReporter -->
<testsuite hostname="Freedom" failures="0" tests="1" name="com.qa.restApi.tests.PutRequest" time="1.452" errors="0" timestamp="2022-03-19T23:10:43 IST" skipped="0">
  <testcase classname="com.qa.restApi.tests.PutRequest" name="putRequestTest" time="1.452"/>
  <system-out/>
</testsuite> <!-- com.qa.restApi.tests.PutRequest -->
