<?xml version="1.0" encoding="UTF-8"?>
<!-- Generated by org.testng.reporters.JUnitReportReporter -->
<testsuite hostname="Freedom" failures="0" tests="1" name="com.qa.restApi.tests.PatchTest" time="1.429" errors="0" timestamp="2022-03-19T23:28:29 IST" skipped="0">
  <testcase classname="com.qa.restApi.tests.PatchTest" name="patchTest" time="1.429"/>
  <system-out/>
</testsuite> <!-- com.qa.restApi.tests.PatchTest -->
